app/build/outputs/logs/manifest-merger-debug-report.txt
-- Merging decision tree log ---
manifest
ADDED from AndroidManifest.xml:2:1
	package
		ADDED from AndroidManifest.xml:3:5
		INJECTED from AndroidManifest.xml:0:0
		INJECTED from AndroidManifest.xml:0:0
	android:versionName
		INJECTED from AndroidManifest.xml:0:0
		INJECTED from AndroidManifest.xml:0:0
	xmlns:android
		ADDED from AndroidManifest.xml:2:11
	android:versionCode
		INJECTED from AndroidManifest.xml:0:0
		INJECTED from AndroidManifest.xml:0:0
uses-permission#android.permission.INTERNET
ADDED from AndroidManifest.xml:5:5
MERGED from :kinvey-android-2.10.5::11:5
MERGED from com.google.android.gms:play-services-ads-lite:9.4.0:20:5
MERGED from com.google.android.gms:play-services-ads-lite:9.4.0:20:5
MERGED from com.google.android.gms:play-services-analytics:9.4.0:21:5
MERGED from com.google.android.gms:play-services-analytics-impl:9.4.0:21:5
MERGED from com.google.android.gms:play-services-analytics-impl:9.4.0:21:5
MERGED from com.google.android.gms:play-services-appinvite:9.4.0:19:5
MERGED from com.google.firebase:firebase-iid:9.4.0:21:5
MERGED from com.google.android.gms:play-services-maps:9.4.0:21:5
MERGED from com.google.firebase:firebase-crash:9.4.0:20:5
MERGED from com.google.firebase:firebase-iid:9.4.0:21:5
MERGED from com.google.firebase:firebase-analytics:9.4.0:21:5
MERGED from com.google.firebase:firebase-analytics-impl:9.4.0:21:5
MERGED from com.google.firebase:firebase-iid:9.4.0:21:5
MERGED from com.google.firebase:firebase-iid:9.4.0:21:5
MERGED from com.google.firebase:firebase-iid:9.4.0:21:5
MERGED from com.google.android.gms:play-services-gcm:9.4.0:22:5
MERGED from com.google.android.gms:play-services-iid:9.4.0:22:5
MERGED from com.google.android.gms:play-services-iid:9.4.0:22:5
MERGED from com.google.android.gms:play-services-maps:9.4.0:21:5
MERGED from com.google.firebase:firebase-analytics:9.4.0:21:5
MERGED from com.google.firebase:firebase-analytics-impl:9.4.0:21:5
MERGED from com.google.firebase:firebase-iid:9.4.0:21:5
MERGED from com.google.firebase:firebase-analytics-impl:9.4.0:21:5
MERGED from com.google.firebase:firebase-iid:9.4.0:21:5
MERGED from com.google.android.gms:play-services-maps:9.4.0:21:5
MERGED from com.google.android.gms:play-services-tagmanager-api:9.4.0:21:5
MERGED from com.google.firebase:firebase-analytics:9.4.0:21:5
MERGED from com.google.firebase:firebase-analytics-impl:9.4.0:21:5
MERGED from com.google.firebase:firebase-iid:9.4.0:21:5
MERGED from com.google.android.gms:play-services-analytics-impl:9.4.0:21:5
MERGED from com.google.android.gms:play-services-tagmanager-api:9.4.0:21:5
MERGED from com.google.firebase:firebase-analytics:9.4.0:21:5
MERGED from com.google.firebase:firebase-analytics-impl:9.4.0:21:5
MERGED from com.google.firebase:firebase-iid:9.4.0:21:5
MERGED from com.google.android.gms:play-services-maps:9.4.0:21:5
MERGED from com.google.android.gms:play-services-ads-lite:9.4.0:20:5
	android:name
		ADDED from AndroidManifest.xml:5:22
uses-permission#android.permission.GET_ACCOUNTS
ADDED from AndroidManifest.xml:6:5
	android:name
		ADDED from AndroidManifest.xml:6:22
uses-permission#android.permission.WAKE_LOCK
ADDED from AndroidManifest.xml:7:5
MERGED from com.google.android.gms:play-services-analytics:9.4.0:25:5
MERGED from com.google.android.gms:play-services-analytics-impl:9.4.0:25:5
MERGED from com.google.android.gms:play-services-analytics-impl:9.4.0:25:5
MERGED from com.google.firebase:firebase-iid:9.4.0:22:5
MERGED from com.google.firebase:firebase-iid:9.4.0:22:5
MERGED from com.google.firebase:firebase-analytics:9.4.0:24:5
MERGED from com.google.firebase:firebase-analytics-impl:9.4.0:24:5
MERGED from com.google.firebase:firebase-iid:9.4.0:22:5
MERGED from com.google.firebase:firebase-iid:9.4.0:22:5
MERGED from com.google.firebase:firebase-iid:9.4.0:22:5
MERGED from com.google.firebase:firebase-analytics:9.4.0:24:5
MERGED from com.google.firebase:firebase-analytics-impl:9.4.0:24:5
MERGED from com.google.firebase:firebase-iid:9.4.0:22:5
MERGED from com.google.firebase:firebase-analytics-impl:9.4.0:24:5
MERGED from com.google.firebase:firebase-iid:9.4.0:22:5
MERGED from com.google.firebase:firebase-analytics:9.4.0:24:5
MERGED from com.google.firebase:firebase-analytics-impl:9.4.0:24:5
MERGED from com.google.firebase:firebase-iid:9.4.0:22:5
MERGED from com.google.android.gms:play-services-analytics-impl:9.4.0:25:5
MERGED from com.google.firebase:firebase-analytics:9.4.0:24:5
MERGED from com.google.firebase:firebase-analytics-impl:9.4.0:24:5
MERGED from com.google.firebase:firebase-iid:9.4.0:22:5
	android:name
		ADDED from AndroidManifest.xml:7:22
uses-permission#com.google.android.c2dm.permission.RECEIVE
ADDED from AndroidManifest.xml:8:5
MERGED from com.google.firebase:firebase-iid:9.4.0:23:5
MERGED from com.google.firebase:firebase-iid:9.4.0:23:5
MERGED from com.google.firebase:firebase-iid:9.4.0:23:5
MERGED from com.google.firebase:firebase-iid:9.4.0:23:5
MERGED from com.google.firebase:firebase-iid:9.4.0:23:5
MERGED from com.google.android.gms:play-services-gcm:9.4.0:21:5
MERGED from com.google.android.gms:play-services-iid:9.4.0:21:5
MERGED from com.google.android.gms:play-services-iid:9.4.0:21:5
MERGED from com.google.firebase:firebase-iid:9.4.0:23:5
MERGED from com.google.firebase:firebase-iid:9.4.0:23:5
MERGED from com.google.firebase:firebase-iid:9.4.0:23:5
MERGED from com.google.firebase:firebase-iid:9.4.0:23:5
	android:name
		ADDED from AndroidManifest.xml:8:22
uses-permission#com.example.michael.redblockgreenblock.permission.C2D_MESSAGE
ADDED from AndroidManifest.xml:9:5
	android:name
		ADDED from AndroidManifest.xml:9:22
permission#com.example.michael.redblockgreenblock.permission.C2D_MESSAGE
ADDED from AndroidManifest.xml:11:5
	android:protectionLevel
		ADDED from AndroidManifest.xml:12:9
	android:name
		ADDED from AndroidManifest.xml:11:17
application
ADDED from AndroidManifest.xml:15:5
MERGED from com.android.support:appcompat-v7:23.1.1:22:5
MERGED from com.android.support:support-v4:23.1.1:22:5
MERGED from :kinvey-android-2.10.5::14:5
MERGED from com.android.support:design:23.1.1:22:5
MERGED from com.android.support:appcompat-v7:23.1.1:22:5
MERGED from com.android.support:support-v4:23.1.1:22:5
MERGED from com.android.support:support-v4:23.1.1:22:5
MERGED from com.android.support:support-v4:23.1.1:22:5
MERGED from com.google.android.gms:play-services:9.4.0:5:5
MERGED from com.google.android.gms:play-services-ads-lite:9.4.0:24:5
MERGED from com.google.android.gms:play-services-basement:9.4.0:20:5
MERGED from com.android.support:support-v4:23.1.1:22:5
MERGED from com.google.android.gms:play-services-base:9.4.0:19:5
MERGED from com.google.android.gms:play-services-basement:9.4.0:20:5
MERGED from com.android.support:support-v4:23.1.1:22:5
MERGED from com.google.android.gms:play-services-tasks:9.4.0:5:5
MERGED from com.google.android.gms:play-services-basement:9.4.0:20:5
MERGED from com.android.support:support-v4:23.1.1:22:5
MERGED from com.google.android.gms:play-services-clearcut:9.4.0:19:5
MERGED from com.google.android.gms:play-services-base:9.4.0:19:5
MERGED from com.google.android.gms:play-services-basement:9.4.0:20:5
MERGED from com.android.support:support-v4:23.1.1:22:5
MERGED from com.google.android.gms:play-services-tasks:9.4.0:5:5
MERGED from com.google.android.gms:play-services-basement:9.4.0:20:5
MERGED from com.android.support:support-v4:23.1.1:22:5
MERGED from com.google.android.gms:play-services-basement:9.4.0:20:5
MERGED from com.android.support:support-v4:23.1.1:22:5
MERGED from com.google.android.gms:play-services-basement:9.4.0:20:5
MERGED from com.android.support:support-v4:23.1.1:22:5
MERGED from com.google.android.gms:play-services-gass:9.4.0:19:5
MERGED from com.google.android.gms:play-services-basement:9.4.0:20:5
MERGED from com.android.support:support-v4:23.1.1:22:5
MERGED from com.google.android.gms:play-services-ads-lite:9.4.0:24:5
MERGED from com.google.android.gms:play-services-basement:9.4.0:20:5
MERGED from com.android.support:support-v4:23.1.1:22:5
MERGED from com.google.android.gms:play-services-analytics:9.4.0:27:5
MERGED from com.google.android.gms:play-services-analytics-impl:9.4.0:27:5
MERGED from com.google.android.gms:play-services-base:9.4.0:19:5
MERGED from com.google.android.gms:play-services-basement:9.4.0:20:5
MERGED from com.android.support:support-v4:23.1.1:22:5
MERGED from com.google.android.gms:play-services-tasks:9.4.0:5:5
MERGED from com.google.android.gms:play-services-basement:9.4.0:20:5
MERGED from com.android.support:support-v4:23.1.1:22:5
MERGED from com.google.android.gms:play-services-basement:9.4.0:20:5
MERGED from com.android.support:support-v4:23.1.1:22:5
MERGED from com.google.android.gms:play-services-base:9.4.0:19:5
MERGED from com.google.android.gms:play-services-basement:9.4.0:20:5
MERGED from com.android.support:support-v4:23.1.1:22:5
MERGED from com.google.android.gms:play-services-tasks:9.4.0:5:5
MERGED from com.google.android.gms:play-services-basement:9.4.0:20:5
MERGED from com.android.support:support-v4:23.1.1:22:5
MERGED from com.google.android.gms:play-services-basement:9.4.0:20:5
MERGED from com.android.support:support-v4:23.1.1:22:5
MERGED from com.google.android.gms:play-services-analytics-impl:9.4.0:27:5
MERGED from com.google.android.gms:play-services-base:9.4.0:19:5
MERGED from com.google.android.gms:play-services-basement:9.4.0:20:5
MERGED from com.android.support:support-v4:23.1.1:22:5
MERGED from com.google.android.gms:play-services-tasks:9.4.0:5:5
MERGED from com.google.android.gms:play-services-basement:9.4.0:20:5
MERGED from com.android.support:support-v4:23.1.1:22:5
MERGED from com.google.android.gms:play-services-basement:9.4.0:20:5
MERGED from com.android.support:support-v4:23.1.1:22:5
MERGED from com.google.android.gms:play-services-appinvite:9.4.0:20:5
MERGED from com.google.android.gms:play-services-base:9.4.0:19:5
MERGED from com.google.android.gms:play-services-basement:9.4.0:20:5
MERGED from com.android.support:support-v4:23.1.1:22:5
MERGED from com.google.android.gms:play-services-tasks:9.4.0:5:5
MERGED from com.google.android.gms:play-services-basement:9.4.0:20:5
MERGED from com.android.support:support-v4:23.1.1:22:5
MERGED from com.google.android.gms:play-services-basement:9.4.0:20:5
MERGED from com.android.support:support-v4:23.1.1:22:5
MERGED from com.google.android.gms:play-services-auth:9.4.0:20:5
MERGED from com.google.android.gms:play-services-base:9.4.0:19:5
MERGED from com.google.android.gms:play-services-basement:9.4.0:20:5
MERGED from com.android.support:support-v4:23.1.1:22:5
MERGED from com.google.android.gms:play-services-tasks:9.4.0:5:5
MERGED from com.google.android.gms:play-services-basement:9.4.0:20:5
MERGED from com.android.support:support-v4:23.1.1:22:5
MERGED from com.google.android.gms:play-services-basement:9.4.0:20:5
MERGED from com.android.support:support-v4:23.1.1:22:5
MERGED from com.google.android.gms:play-services-base:9.4.0:19:5
MERGED from com.google.android.gms:play-services-basement:9.4.0:20:5
MERGED from com.android.support:support-v4:23.1.1:22:5
MERGED from com.google.android.gms:play-services-tasks:9.4.0:5:5
MERGED from com.google.android.gms:play-services-basement:9.4.0:20:5
MERGED from com.android.support:support-v4:23.1.1:22:5
MERGED from com.google.android.gms:play-services-basement:9.4.0:20:5
MERGED from com.android.support:support-v4:23.1.1:22:5
MERGED from com.google.android.gms:play-services-base:9.4.0:19:5
MERGED from com.google.android.gms:play-services-basement:9.4.0:20:5
MERGED from com.android.support:support-v4:23.1.1:22:5
MERGED from com.google.android.gms:play-services-tasks:9.4.0:5:5
MERGED from com.google.android.gms:play-services-basement:9.4.0:20:5
MERGED from com.android.support:support-v4:23.1.1:22:5
MERGED from com.google.android.gms:play-services-basement:9.4.0:20:5
MERGED from com.android.support:support-v4:23.1.1:22:5
MERGED from com.google.android.gms:play-services-base:9.4.0:19:5
MERGED from com.google.android.gms:play-services-basement:9.4.0:20:5
MERGED from com.android.support:support-v4:23.1.1:22:5
MERGED from com.google.android.gms:play-services-tasks:9.4.0:5:5
MERGED from com.google.android.gms:play-services-basement:9.4.0:20:5
MERGED from com.android.support:support-v4:23.1.1:22:5
MERGED from com.google.android.gms:play-services-cast-framework:9.4.0:5:5
MERGED from com.google.android.gms:play-services-base:9.4.0:19:5
MERGED from com.google.android.gms:play-services-basement:9.4.0:20:5
MERGED from com.android.support:support-v4:23.1.1:22:5
MERGED from com.google.android.gms:play-services-tasks:9.4.0:5:5
MERGED from com.google.android.gms:play-services-basement:9.4.0:20:5
MERGED from com.android.support:support-v4:23.1.1:22:5
MERGED from com.google.android.gms:play-services-cast:9.4.0:19:5
MERGED from com.google.android.gms:play-services-base:9.4.0:19:5
MERGED from com.google.android.gms:play-services-basement:9.4.0:20:5
MERGED from com.android.support:support-v4:23.1.1:22:5
MERGED from com.google.android.gms:play-services-tasks:9.4.0:5:5
MERGED from com.google.android.gms:play-services-basement:9.4.0:20:5
MERGED from com.android.support:support-v4:23.1.1:22:5
MERGED from com.google.android.gms:play-services-basement:9.4.0:20:5
MERGED from com.android.support:support-v4:23.1.1:22:5
MERGED from com.android.support:mediarouter-v7:23.0.0:22:5
MERGED from com.android.support:appcompat-v7:23.1.1:22:5
MERGED from com.android.support:support-v4:23.1.1:22:5
MERGED from com.google.android.gms:play-services-basement:9.4.0:20:5
MERGED from com.android.support:support-v4:23.1.1:22:5
MERGED from com.google.android.gms:play-services-cast:9.4.0:19:5
MERGED from com.google.android.gms:play-services-base:9.4.0:19:5
MERGED from com.google.android.gms:play-services-basement:9.4.0:20:5
MERGED from com.android.support:support-v4:23.1.1:22:5
MERGED from com.google.android.gms:play-services-tasks:9.4.0:5:5
MERGED from com.google.android.gms:play-services-basement:9.4.0:20:5
MERGED from com.android.support:support-v4:23.1.1:22:5
MERGED from com.google.android.gms:play-services-basement:9.4.0:20:5
MERGED from com.android.support:support-v4:23.1.1:22:5
MERGED from com.android.support:mediarouter-v7:23.0.0:22:5
MERGED from com.android.support:appcompat-v7:23.1.1:22:5
MERGED from com.android.support:support-v4:23.1.1:22:5
MERGED from com.google.android.gms:play-services-clearcut:9.4.0:19:5
MERGED from com.google.android.gms:play-services-base:9.4.0:19:5
MERGED from com.google.android.gms:play-services-basement:9.4.0:20:5
MERGED from com.android.support:support-v4:23.1.1:22:5
MERGED from com.google.android.gms:play-services-tasks:9.4.0:5:5
MERGED from com.google.android.gms:play-services-basement:9.4.0:20:5
MERGED from com.android.support:support-v4:23.1.1:22:5
MERGED from com.google.android.gms:play-services-basement:9.4.0:20:5
MERGED from com.android.support:support-v4:23.1.1:22:5
MERGED from com.google.android.gms:play-services-basement:9.4.0:20:5
MERGED from com.android.support:support-v4:23.1.1:22:5
MERGED from com.google.firebase:firebase-config:9.4.0:19:5
MERGED from com.google.android.gms:play-services-base:9.4.0:19:5
MERGED from com.google.android.gms:play-services-basement:9.4.0:20:5
MERGED from com.android.support:support-v4:23.1.1:22:5
MERGED from com.google.android.gms:play-services-tasks:9.4.0:5:5
MERGED from com.google.android.gms:play-services-basement:9.4.0:20:5
MERGED from com.android.support:support-v4:23.1.1:22:5
MERGED from com.google.android.gms:play-services-basement:9.4.0:20:5
MERGED from com.android.support:support-v4:23.1.1:22:5
MERGED from com.google.firebase:firebase-iid:9.4.0:30:5
MERGED from com.google.android.gms:play-services-basement:9.4.0:20:5
MERGED from com.android.support:support-v4:23.1.1:22:5
MERGED from com.google.firebase:firebase-common:9.4.0:5:5
MERGED from com.google.android.gms:play-services-basement:9.4.0:20:5
MERGED from com.android.support:support-v4:23.1.1:22:5
MERGED from com.google.android.gms:play-services-tasks:9.4.0:5:5
MERGED from com.google.android.gms:play-services-basement:9.4.0:20:5
MERGED from com.android.support:support-v4:23.1.1:22:5
MERGED from com.google.firebase:firebase-common:9.4.0:5:5
MERGED from com.google.android.gms:play-services-basement:9.4.0:20:5
MERGED from com.android.support:support-v4:23.1.1:22:5
MERGED from com.google.android.gms:play-services-tasks:9.4.0:5:5
MERGED from com.google.android.gms:play-services-basement:9.4.0:20:5
MERGED from com.android.support:support-v4:23.1.1:22:5
MERGED from com.google.android.gms:play-services-tasks:9.4.0:5:5
MERGED from com.google.android.gms:play-services-basement:9.4.0:20:5
MERGED from com.android.support:support-v4:23.1.1:22:5
MERGED from com.google.android.gms:play-services-contextmanager:9.4.0:19:5
MERGED from com.google.android.gms:play-services-base:9.4.0:19:5
MERGED from com.google.android.gms:play-services-basement:9.4.0:20:5
MERGED from com.android.support:support-v4:23.1.1:22:5
MERGED from com.google.android.gms:play-services-tasks:9.4.0:5:5
MERGED from com.google.android.gms:play-services-basement:9.4.0:20:5
MERGED from com.android.support:support-v4:23.1.1:22:5
MERGED from com.google.android.gms:play-services-basement:9.4.0:20:5
MERGED from com.android.support:support-v4:23.1.1:22:5
MERGED from com.google.android.gms:play-services-location:9.4.0:19:5
MERGED from com.google.android.gms:play-services-base:9.4.0:19:5
MERGED from com.google.android.gms:play-services-basement:9.4.0:20:5
MERGED from com.android.support:support-v4:23.1.1:22:5
MERGED from com.google.android.gms:play-services-tasks:9.4.0:5:5
MERGED from com.google.android.gms:play-services-basement:9.4.0:20:5
MERGED from com.android.support:support-v4:23.1.1:22:5
MERGED from com.google.android.gms:play-services-basement:9.4.0:20:5
MERGED from com.android.support:support-v4:23.1.1:22:5
MERGED from com.google.android.gms:play-services-places:9.4.0:19:5
MERGED from com.google.android.gms:play-services-base:9.4.0:19:5
MERGED from com.google.android.gms:play-services-basement:9.4.0:20:5
MERGED from com.android.support:support-v4:23.1.1:22:5
MERGED from com.google.android.gms:play-services-tasks:9.4.0:5:5
MERGED from com.google.android.gms:play-services-basement:9.4.0:20:5
MERGED from com.android.support:support-v4:23.1.1:22:5
MERGED from com.google.android.gms:play-services-basement:9.4.0:20:5
MERGED from com.android.support:support-v4:23.1.1:22:5
MERGED from com.google.android.gms:play-services-maps:9.4.0:27:5
MERGED from com.google.android.gms:play-services-base:9.4.0:19:5
MERGED from com.google.android.gms:play-services-basement:9.4.0:20:5
MERGED from com.android.support:support-v4:23.1.1:22:5
MERGED from com.google.android.gms:play-services-tasks:9.4.0:5:5
MERGED from com.google.android.gms:play-services-basement:9.4.0:20:5
MERGED from com.android.support:support-v4:23.1.1:22:5
MERGED from com.google.android.gms:play-services-basement:9.4.0:20:5
MERGED from com.android.support:support-v4:23.1.1:22:5
MERGED from com.google.firebase:firebase-crash:9.4.0:24:5
MERGED from com.google.android.gms:play-services-base:9.4.0:19:5
MERGED from com.google.android.gms:play-services-basement:9.4.0:20:5
MERGED from com.android.support:support-v4:23.1.1:22:5
MERGED from com.google.android.gms:play-services-tasks:9.4.0:5:5
MERGED from com.google.android.gms:play-services-basement:9.4.0:20:5
MERGED from com.android.support:support-v4:23.1.1:22:5
MERGED from com.google.android.gms:play-services-basement:9.4.0:20:5
MERGED from com.android.support:support-v4:23.1.1:22:5
MERGED from com.google.firebase:firebase-iid:9.4.0:30:5
MERGED from com.google.android.gms:play-services-basement:9.4.0:20:5
MERGED from com.android.support:support-v4:23.1.1:22:5
MERGED from com.google.firebase:firebase-common:9.4.0:5:5
MERGED from com.google.android.gms:play-services-basement:9.4.0:20:5
MERGED from com.android.support:support-v4:23.1.1:22:5
MERGED from com.google.android.gms:play-services-tasks:9.4.0:5:5
MERGED from com.google.android.gms:play-services-basement:9.4.0:20:5
MERGED from com.android.support:support-v4:23.1.1:22:5
MERGED from com.google.firebase:firebase-common:9.4.0:5:5
MERGED from com.google.android.gms:play-services-basement:9.4.0:20:5
MERGED from com.android.support:support-v4:23.1.1:22:5
MERGED from com.google.android.gms:play-services-tasks:9.4.0:5:5
MERGED from com.google.android.gms:play-services-basement:9.4.0:20:5
MERGED from com.android.support:support-v4:23.1.1:22:5
MERGED from com.google.firebase:firebase-analytics:9.4.0:26:5
MERGED from com.google.android.gms:play-services-basement:9.4.0:20:5
MERGED from com.android.support:support-v4:23.1.1:22:5
MERGED from com.google.firebase:firebase-common:9.4.0:5:5
MERGED from com.google.android.gms:play-services-basement:9.4.0:20:5
MERGED from com.android.support:support-v4:23.1.1:22:5
MERGED from com.google.android.gms:play-services-tasks:9.4.0:5:5
MERGED from com.google.android.gms:play-services-basement:9.4.0:20:5
MERGED from com.android.support:support-v4:23.1.1:22:5
MERGED from com.google.firebase:firebase-analytics-impl:9.4.0:26:5
MERGED from com.google.android.gms:play-services-basement:9.4.0:20:5
MERGED from com.android.support:support-v4:23.1.1:22:5
MERGED from com.google.firebase:firebase-iid:9.4.0:30:5
MERGED from com.google.android.gms:play-services-basement:9.4.0:20:5
MERGED from com.android.support:support-v4:23.1.1:22:5
MERGED from com.google.firebase:firebase-common:9.4.0:5:5
MERGED from com.google.android.gms:play-services-basement:9.4.0:20:5
MERGED from com.android.support:support-v4:23.1.1:22:5
MERGED from com.google.android.gms:play-services-tasks:9.4.0:5:5
MERGED from com.google.android.gms:play-services-basement:9.4.0:20:5
MERGED from com.android.support:support-v4:23.1.1:22:5
MERGED from com.google.firebase:firebase-common:9.4.0:5:5
MERGED from com.google.android.gms:play-services-basement:9.4.0:20:5
MERGED from com.android.support:support-v4:23.1.1:22:5
MERGED from com.google.android.gms:play-services-tasks:9.4.0:5:5
MERGED from com.google.android.gms:play-services-basement:9.4.0:20:5
MERGED from com.android.support:support-v4:23.1.1:22:5
MERGED from com.google.android.gms:play-services-drive:9.4.0:19:5
MERGED from com.google.android.gms:play-services-base:9.4.0:19:5
MERGED from com.google.android.gms:play-services-basement:9.4.0:20:5
MERGED from com.android.support:support-v4:23.1.1:22:5
MERGED from com.google.android.gms:play-services-tasks:9.4.0:5:5
MERGED from com.google.android.gms:play-services-basement:9.4.0:20:5
MERGED from com.android.support:support-v4:23.1.1:22:5
MERGED from com.google.android.gms:play-services-basement:9.4.0:20:5
MERGED from com.android.support:support-v4:23.1.1:22:5
MERGED from com.google.firebase:firebase-auth:9.4.0:20:5
MERGED from com.google.android.gms:play-services-base:9.4.0:19:5
MERGED from com.google.android.gms:play-services-basement:9.4.0:20:5
MERGED from com.android.support:support-v4:23.1.1:22:5
MERGED from com.google.android.gms:play-services-tasks:9.4.0:5:5
MERGED from com.google.android.gms:play-services-basement:9.4.0:20:5
MERGED from com.android.support:support-v4:23.1.1:22:5
MERGED from com.google.android.gms:play-services-basement:9.4.0:20:5
MERGED from com.android.support:support-v4:23.1.1:22:5
MERGED from com.google.firebase:firebase-auth-common:9.4.0:20:5
MERGED from com.google.android.gms:play-services-base:9.4.0:19:5
MERGED from com.google.android.gms:play-services-basement:9.4.0:20:5
MERGED from com.android.support:support-v4:23.1.1:22:5
MERGED from com.google.android.gms:play-services-tasks:9.4.0:5:5
MERGED from com.google.android.gms:play-services-basement:9.4.0:20:5
MERGED from com.android.support:support-v4:23.1.1:22:5
MERGED from com.google.android.gms:play-services-basement:9.4.0:20:5
MERGED from com.android.support:support-v4:23.1.1:22:5
MERGED from com.google.android.gms:play-services-base:9.4.0:19:5
MERGED from com.google.android.gms:play-services-basement:9.4.0:20:5
MERGED from com.android.support:support-v4:23.1.1:22:5
MERGED from com.google.android.gms:play-services-tasks:9.4.0:5:5
MERGED from com.google.android.gms:play-services-basement:9.4.0:20:5
MERGED from com.android.support:support-v4:23.1.1:22:5
MERGED from com.google.android.gms:play-services-basement:9.4.0:20:5
MERGED from com.android.support:support-v4:23.1.1:22:5
MERGED from com.google.firebase:firebase-common:9.4.0:5:5
MERGED from com.google.android.gms:play-services-basement:9.4.0:20:5
MERGED from com.android.support:support-v4:23.1.1:22:5
MERGED from com.google.android.gms:play-services-tasks:9.4.0:5:5
MERGED from com.google.android.gms:play-services-basement:9.4.0:20:5
MERGED from com.android.support:support-v4:23.1.1:22:5
MERGED from com.google.android.gms:play-services-base:9.4.0:19:5
MERGED from com.google.android.gms:play-services-basement:9.4.0:20:5
MERGED from com.android.support:support-v4:23.1.1:22:5
MERGED from com.google.android.gms:play-services-tasks:9.4.0:5:5
MERGED from com.google.android.gms:play-services-basement:9.4.0:20:5
MERGED from com.android.support:support-v4:23.1.1:22:5
MERGED from com.google.android.gms:play-services-basement:9.4.0:20:5
MERGED from com.android.support:support-v4:23.1.1:22:5
MERGED from com.google.firebase:firebase-common:9.4.0:5:5
MERGED from com.google.android.gms:play-services-basement:9.4.0:20:5
MERGED from com.android.support:support-v4:23.1.1:22:5
MERGED from com.google.android.gms:play-services-tasks:9.4.0:5:5
MERGED from com.google.android.gms:play-services-basement:9.4.0:20:5
MERGED from com.android.support:support-v4:23.1.1:22:5
MERGED from com.google.android.gms:play-services-tasks:9.4.0:5:5
MERGED from com.google.android.gms:play-services-basement:9.4.0:20:5
MERGED from com.android.support:support-v4:23.1.1:22:5
MERGED from com.google.firebase:firebase-auth-common:9.4.0:20:5
MERGED from com.google.android.gms:play-services-base:9.4.0:19:5
MERGED from com.google.android.gms:play-services-basement:9.4.0:20:5
MERGED from com.android.support:support-v4:23.1.1:22:5
MERGED from com.google.android.gms:play-services-tasks:9.4.0:5:5
MERGED from com.google.android.gms:play-services-basement:9.4.0:20:5
MERGED from com.android.support:support-v4:23.1.1:22:5
MERGED from com.google.android.gms:play-services-basement:9.4.0:20:5
MERGED from com.android.support:support-v4:23.1.1:22:5
MERGED from com.google.android.gms:play-services-base:9.4.0:19:5
MERGED from com.google.android.gms:play-services-basement:9.4.0:20:5
MERGED from com.android.support:support-v4:23.1.1:22:5
MERGED from com.google.android.gms:play-services-tasks:9.4.0:5:5
MERGED from com.google.android.gms:play-services-basement:9.4.0:20:5
MERGED from com.android.support:support-v4:23.1.1:22:5
MERGED from com.google.android.gms:play-services-basement:9.4.0:20:5
MERGED from com.android.support:support-v4:23.1.1:22:5
MERGED from com.google.firebase:firebase-common:9.4.0:5:5
MERGED from com.google.android.gms:play-services-basement:9.4.0:20:5
MERGED from com.android.support:support-v4:23.1.1:22:5
MERGED from com.google.android.gms:play-services-tasks:9.4.0:5:5
MERGED from com.google.android.gms:play-services-basement:9.4.0:20:5
MERGED from com.android.support:support-v4:23.1.1:22:5
MERGED from com.google.android.gms:play-services-base:9.4.0:19:5
MERGED from com.google.android.gms:play-services-basement:9.4.0:20:5
MERGED from com.android.support:support-v4:23.1.1:22:5
MERGED from com.google.android.gms:play-services-tasks:9.4.0:5:5
MERGED from com.google.android.gms:play-services-basement:9.4.0:20:5
MERGED from com.android.support:support-v4:23.1.1:22:5
MERGED from com.google.android.gms:play-services-basement:9.4.0:20:5
MERGED from com.android.support:support-v4:23.1.1:22:5
MERGED from com.google.android.gms:play-services-base:9.4.0:19:5
MERGED from com.google.android.gms:play-services-basement:9.4.0:20:5
MERGED from com.android.support:support-v4:23.1.1:22:5
MERGED from com.google.android.gms:play-services-tasks:9.4.0:5:5
MERGED from com.google.android.gms:play-services-basement:9.4.0:20:5
MERGED from com.android.support:support-v4:23.1.1:22:5
MERGED from com.google.android.gms:play-services-basement:9.4.0:20:5
MERGED from com.android.support:support-v4:23.1.1:22:5
MERGED from com.google.firebase:firebase-common:9.4.0:5:5
MERGED from com.google.android.gms:play-services-basement:9.4.0:20:5
MERGED from com.android.support:support-v4:23.1.1:22:5
MERGED from com.google.android.gms:play-services-tasks:9.4.0:5:5
MERGED from com.google.android.gms:play-services-basement:9.4.0:20:5
MERGED from com.android.support:support-v4:23.1.1:22:5
MERGED from com.google.android.gms:play-services-base:9.4.0:19:5
MERGED from com.google.android.gms:play-services-basement:9.4.0:20:5
MERGED from com.android.support:support-v4:23.1.1:22:5
MERGED from com.google.android.gms:play-services-tasks:9.4.0:5:5
MERGED from com.google.android.gms:play-services-basement:9.4.0:20:5
MERGED from com.android.support:support-v4:23.1.1:22:5
MERGED from com.google.android.gms:play-services-basement:9.4.0:20:5
MERGED from com.android.support:support-v4:23.1.1:22:5
MERGED from com.google.android.gms:play-services-base:9.4.0:19:5
MERGED from com.google.android.gms:play-services-basement:9.4.0:20:5
MERGED from com.android.support:support-v4:23.1.1:22:5
MERGED from com.google.android.gms:play-services-tasks:9.4.0:5:5
MERGED from com.google.android.gms:play-services-basement:9.4.0:20:5
MERGED from com.android.support:support-v4:23.1.1:22:5
MERGED from com.google.android.gms:play-services-basement:9.4.0:20:5
MERGED from com.android.support:support-v4:23.1.1:22:5
MERGED from com.google.firebase:firebase-common:9.4.0:5:5
MERGED from com.google.android.gms:play-services-basement:9.4.0:20:5
MERGED from com.android.support:support-v4:23.1.1:22:5
MERGED from com.google.android.gms:play-services-tasks:9.4.0:5:5
MERGED from com.google.android.gms:play-services-basement:9.4.0:20:5
MERGED from com.android.support:support-v4:23.1.1:22:5
MERGED from com.google.firebase:firebase-common:9.4.0:5:5